<?xml version="1.0" encoding="UTF-8"?>
<testsuite name="ITCucumberTest" time="0.009" tests="16" errors="0" skipped="0" failures="0">
  <properties>
[...]
</properties>
  <testcase name="Given navigate to calchome page                        " classname="Given navigate to calchome page                        " time="0.003"/>
  <testcase name="When user logs in using numberA as &quot;9&quot; and numberB as &quot;4&quot; and Operator as &quot;add&quot;                         " classname="When user logs in using numberA as &quot;9&quot; and numberB as &quot;4&quot; and Operator as &quot;add&quot;                         " time="0"/>
  <testcase name="Then Result as &quot;13&quot; should be displayed                          " classname="Then Result as &quot;13&quot; should be displayed                          " time="0"/>
  <testcase name="| 9 | 4 | add | 13 |                       " classname="| 9 | 4 | add | 13 |                       " time="0.002"/>
  <testcase name="Given navigate to calchome page                            " classname="Given navigate to calchome page                            " time="0"/>
  <testcase name="When user logs in using numberA as &quot;20&quot; and numberB as &quot;2&quot; and Operator as &quot;sub&quot;                             " classname="When user logs in using numberA as &quot;20&quot; and numberB as &quot;2&quot; and Operator as &quot;sub&quot;                             " time="0"/>
  <testcase name="Then Result as &quot;18&quot; should be displayed                              " classname="Then Result as &quot;18&quot; should be displayed                              " time="0"/>
  <testcase name="| 20 | 2 | sub | 18 |                           " classname="| 20 | 2 | sub | 18 |                           " time="0"/>
  <testcase name="Given navigate to calchome page                                " classname="Given navigate to calchome page                                " time="0"/>
  <testcase name="When user logs in using numberA as &quot;50&quot; and numberB as &quot;3&quot; and Operator as &quot;mul&quot;                                 " classname="When user logs in using numberA as &quot;50&quot; and numberB as &quot;3&quot; and Operator as &quot;mul&quot;                                 " time="0"/>
  <testcase name="Then Result as &quot;150&quot; should be displayed                                  " classname="Then Result as &quot;150&quot; should be displayed                                  " time="0"/>
  <testcase name="| 50 | 3 | mul | 150 |                               " classname="| 50 | 3 | mul | 150 |                               " time="0.002"/>
  <testcase name="Given navigate to calchome page                                    " classname="Given navigate to calchome page                                    " time="0"/>
  <testcase name="When user logs in using numberA as &quot;90&quot; and numberB as &quot;10&quot; and Operator as &quot;div&quot;                                     " classname="When user logs in using numberA as &quot;90&quot; and numberB as &quot;10&quot; and Operator as &quot;div&quot;                                     " time="0.001"/>
  <testcase name="Then Result as &quot;9&quot; should be displayed                                      " classname="Then Result as &quot;9&quot; should be displayed                                      " time="0"/>
  <testcase name="| 90 | 10 | div | 9 |                                   " classname="| 90 | 10 | div | 9 |                                   " time="0.001"/>
</testsuite>